<?xml version="1.0" encoding="UTF-8"?>
<!-- Generated by org.testng.reporters.JUnitReportReporter -->
<testsuite hostname="LAPTOP-FM998SMI" failures="0" tests="1" name="com.SM.testCases.TC002_CheckSignUpLink_Test" time="1.711" errors="0" timestamp="21 Oct. 2021 23:51:16 GMT" skipped="0">
  <testcase classname="com.SM.testCases.TC002_CheckSignUpLink_Test" name="checkSignUpLinkTest" time="1.711"/>
</testsuite> <!-- com.SM.testCases.TC002_CheckSignUpLink_Test -->
