<?xml version="1.0" encoding="UTF-8"?>
<!-- Generated by org.testng.reporters.JUnitReportReporter -->
<testsuite hostname="LAPTOP-FM998SMI" failures="0" tests="1" name="com.SM.testCases.TC002_CheckSignUpLink_Test" time="3.573" errors="0" timestamp="22 Oct. 2021 09:43:07 GMT" skipped="0">
  <testcase classname="com.SM.testCases.TC002_CheckSignUpLink_Test" name="checkSignUpLinkTest" time="3.573"/>
</testsuite> <!-- com.SM.testCases.TC002_CheckSignUpLink_Test -->
